<?xml version="1.0" encoding="utf-8"?>
<coverage line-rate="0.7894" branch-rate="1" version="1.9" timestamp="1749612624" lines-covered="15" lines-valid="19" branches-covered="10" branches-valid="10">
  <sources>
    <source>C:\</source>
  </sources>
  <packages>
    <package name="PrimeService" line-rate="0.7894" branch-rate="1" complexity="12">
      <classes>
        <class name="PrimeService.PrimeService" filename="Users\Raven BootCamp 13\Documents\bootCamp13\unit-testing-using-nunit\PrimeService\PrimeService.cs" line-rate="0.7894" branch-rate="1" complexity="12">
          <methods>
            <method name="IsPrime" signature="(System.Int32)" line-rate="1" branch-rate="1" complexity="10">
              <lines>
                <line number="6" hits="26" branch="False" />
                <line number="7" hits="26" branch="True" condition-coverage="100% (2/2)">
                  <conditions>
                    <condition number="7" type="jump" coverage="100%" />
                  </conditions>
                </line>
                <line number="8" hits="5" branch="False" />
                <line number="10" hits="21" branch="True" condition-coverage="100% (2/2)">
                  <conditions>
                    <condition number="19" type="jump" coverage="100%" />
                  </conditions>
                </line>
                <line number="11" hits="1" branch="False" />
                <line number="13" hits="20" branch="True" condition-coverage="100% (2/2)">
                  <conditions>
                    <condition number="35" type="jump" coverage="100%" />
                  </conditions>
                </line>
                <line number="14" hits="6" branch="False" />
                <line number="16" hits="14" branch="False" />
                <line number="18" hits="56" branch="True" condition-coverage="100% (2/2)">
                  <conditions>
                    <condition number="97" type="jump" coverage="100%" />
                  </conditions>
                </line>
                <line number="19" hits="18" branch="False" />
                <line number="20" hits="18" branch="True" condition-coverage="100% (2/2)">
                  <conditions>
                    <condition number="72" type="jump" coverage="100%" />
                  </conditions>
                </line>
                <line number="21" hits="4" branch="False" />
                <line number="22" hits="14" branch="False" />
                <line number="24" hits="10" branch="False" />
                <line number="25" hits="26" branch="False" />
              </lines>
            </method>
            <method name="FindPrimesUpTo" signature="(System.Int32)" line-rate="0" branch-rate="1" complexity="1">
              <lines>
                <line number="28" hits="0" branch="False" />
                <line number="29" hits="0" branch="False" />
              </lines>
            </method>
            <method name="GetNextPrime" signature="(System.Int32)" line-rate="0" branch-rate="1" complexity="1">
              <lines>
                <line number="33" hits="0" branch="False" />
                <line number="34" hits="0" branch="False" />
              </lines>
            </method>
          </methods>
          <lines>
            <line number="6" hits="26" branch="False" />
            <line number="7" hits="26" branch="True" condition-coverage="100% (2/2)">
              <conditions>
                <condition number="7" type="jump" coverage="100%" />
              </conditions>
            </line>
            <line number="8" hits="5" branch="False" />
            <line number="10" hits="21" branch="True" condition-coverage="100% (2/2)">
              <conditions>
                <condition number="19" type="jump" coverage="100%" />
              </conditions>
            </line>
            <line number="11" hits="1" branch="False" />
            <line number="13" hits="20" branch="True" condition-coverage="100% (2/2)">
              <conditions>
                <condition number="35" type="jump" coverage="100%" />
              </conditions>
            </line>
            <line number="14" hits="6" branch="False" />
            <line number="16" hits="14" branch="False" />
            <line number="18" hits="56" branch="True" condition-coverage="100% (2/2)">
              <conditions>
                <condition number="97" type="jump" coverage="100%" />
              </conditions>
            </line>
            <line number="19" hits="18" branch="False" />
            <line number="20" hits="18" branch="True" condition-coverage="100% (2/2)">
              <conditions>
                <condition number="72" type="jump" coverage="100%" />
              </conditions>
            </line>
            <line number="21" hits="4" branch="False" />
            <line number="22" hits="14" branch="False" />
            <line number="24" hits="10" branch="False" />
            <line number="25" hits="26" branch="False" />
            <line number="28" hits="0" branch="False" />
            <line number="29" hits="0" branch="False" />
            <line number="33" hits="0" branch="False" />
            <line number="34" hits="0" branch="False" />
          </lines>
        </class>
      </classes>
    </package>
  </packages>
</coverage>